<?xml version="1.0" encoding="UTF-8"?>
<!-- Generated by org.testng.reporters.JUnitReportReporter -->
<testsuite skipped="0" hostname="DESKTOP-LLBOUDP" name="nonUserTests.PageNavigation" tests="1" failures="0" timestamp="10 Aug 2018 17:49:31 GMT" time="18.107" errors="0">
  <testcase name="navigationCheck" time="18.107" classname="nonUserTests.PageNavigation"/>
</testsuite> <!-- nonUserTests.PageNavigation -->
