<?xml version="1.0" encoding="UTF-8"?>
<!-- Generated by org.testng.reporters.JUnitReportReporter -->
<testsuite skipped="0" hostname="DESKTOP-LLBOUDP" name="userPageNavigation.mainLogin" tests="2" failures="0" timestamp="11 Aug 2018 18:10:04 GMT" time="10.643" errors="0">
  <testcase name="userDashboard" time="0.986" classname="userPageNavigation.mainLogin"/>
  <testcase name="userLogin" time="9.657" classname="userPageNavigation.mainLogin"/>
</testsuite> <!-- userPageNavigation.mainLogin -->
