<?xml version="1.0" encoding="UTF-8"?>
<!-- Generated by org.testng.reporters.JUnitReportReporter -->
<testsuite skipped="0" hostname="DESKTOP-LLBOUDP" name="nonUserTests.LandingPage" tests="1" failures="0" timestamp="10 Aug 2018 17:48:01 GMT" time="9.049" errors="0">
  <testcase name="landingPageTest" time="9.049" classname="nonUserTests.LandingPage"/>
</testsuite> <!-- nonUserTests.LandingPage -->
